#! /usr/bin/vvp
:ivl_version "12.0 (stable)" "(v12_0-dirty)";
:ivl_delay_selection "TYPICAL";
:vpi_time_precision + 0;
:vpi_module "/usr/lib/ivl/system.vpi";
:vpi_module "/usr/lib/ivl/vhdl_sys.vpi";
:vpi_module "/usr/lib/ivl/vhdl_textio.vpi";
:vpi_module "/usr/lib/ivl/v2005_math.vpi";
:vpi_module "/usr/lib/ivl/va_math.vpi";
S_0x5aa68ae96520 .scope module, "half_adder" "half_adder" 2 1;
 .timescale 0 0;
L_0x5aa68aee0600 .functor XOR 1, v0x5aa68ae966d0_0, v0x5aa68aee03e0_0, C4<0>, C4<0>;
L_0x5aa68aee06f0 .functor AND 1, v0x5aa68ae966d0_0, v0x5aa68aee03e0_0, C4<1>, C4<1>;
v0x5aa68ae966d0_0 .var "a", 0 0;
v0x5aa68aee03e0_0 .var "b", 0 0;
v0x5aa68aee04a0_0 .net "c", 0 0, L_0x5aa68aee06f0;  1 drivers
v0x5aa68aee0540_0 .net "y", 0 0, L_0x5aa68aee0600;  1 drivers
E_0x5aa68ae97590 .event anyedge, v0x5aa68aee03e0_0, v0x5aa68ae966d0_0;
    .scope S_0x5aa68ae96520;
T_0 ;
    %wait E_0x5aa68ae97590;
    %delay 1, 0;
    %vpi_call 2 12 "$display", "a=%b b=%b y=%b c=%b", v0x5aa68ae966d0_0, v0x5aa68aee03e0_0, v0x5aa68aee0540_0, v0x5aa68aee04a0_0 {0 0 0};
    %jmp T_0;
    .thread T_0, $push;
    .scope S_0x5aa68ae96520;
T_1 ;
    %pushi/vec4 0, 0, 1;
    %store/vec4 v0x5aa68ae966d0_0, 0, 1;
    %pushi/vec4 0, 0, 1;
    %store/vec4 v0x5aa68aee03e0_0, 0, 1;
    %delay 10, 0;
    %pushi/vec4 0, 0, 1;
    %store/vec4 v0x5aa68ae966d0_0, 0, 1;
    %pushi/vec4 1, 0, 1;
    %store/vec4 v0x5aa68aee03e0_0, 0, 1;
    %delay 10, 0;
    %pushi/vec4 1, 0, 1;
    %store/vec4 v0x5aa68ae966d0_0, 0, 1;
    %pushi/vec4 0, 0, 1;
    %store/vec4 v0x5aa68aee03e0_0, 0, 1;
    %delay 10, 0;
    %pushi/vec4 1, 0, 1;
    %store/vec4 v0x5aa68ae966d0_0, 0, 1;
    %pushi/vec4 1, 0, 1;
    %store/vec4 v0x5aa68aee03e0_0, 0, 1;
    %delay 10, 0;
    %vpi_call 2 28 "$finish" {0 0 0};
    %end;
    .thread T_1;
# The file index is used to find the file name in the following table.
:file_names 3;
    "N/A";
    "<interactive>";
    "half_adder.v";
